#
# There is insufficient memory for the Java Runtime Environment to continue.
# Native memory allocation (malloc) failed to allocate 1057616 bytes for Chunk::new
# Possible reasons:
#   The system is out of physical RAM or swap space
#   In 32 bit mode, the process size limit was hit
# Possible solutions:
#   Reduce memory load on the system
#   Increase physical memory or swap space
#   Check if swap backing store is full
#   Use 64 bit Java on a 64 bit OS
#   Decrease Java heap size (-Xmx/-Xms)
#   Decrease number of Java threads
#   Decrease Java thread stack sizes (-Xss)
#   Set larger code cache with -XX:ReservedCodeCacheSize=
# This output file may be truncated or incomplete.
#
#  Out of Memory Error (allocation.cpp:390), pid=1828, tid=0x00000000000016d4
#
# JRE version: OpenJDK Runtime Environment (8.0_152-b02) (build 1.8.0_152-release-1024-b02)
# Java VM: OpenJDK 64-Bit Server VM (25.152-b02 mixed mode windows-amd64 compressed oops)
# Failed to write core dump. Minidumps are not enabled by default on client versions of Windows
#

---------------  T H R E A D  ---------------

Current thread (0x0000000018a98800):  JavaThread "C2 CompilerThread0" daemon [_thread_in_native, id=5844, stack(0x000000001a0f0000,0x000000001a1f0000)]

Stack: [0x000000001a0f0000,0x000000001a1f0000]
[error occurred during error reporting (printing stack bounds), id 0xc0000005]

Native frames: (J=compiled Java code, j=interpreted, Vv=VM code, C=native code)


Current CompileTask:
C2:6755940 24694       4       com.android.tools.r8.code.BaseInstructionFactory::create (3362 bytes)


---------------  P R O C E S S  ---------------

Java Threads: ( => current thread )
  0x000000001f81f000 JavaThread "ForkJoinPool-8-worker-0" daemon [_thread_blocked, id=8180, stack(0x000000003db00000,0x000000003dc00000)]
  0x000000001f827800 JavaThread "ForkJoinPool-8-worker-1" daemon [_thread_blocked, id=8568, stack(0x000000003da00000,0x000000003db00000)]
  0x000000001f823800 JavaThread "ForkJoinPool.commonPool-worker-2" daemon [_thread_blocked, id=9392, stack(0x000000003d300000,0x000000003d400000)]
  0x000000001f81d800 JavaThread "ForkJoinPool.commonPool-worker-1" daemon [_thread_in_Java, id=7152, stack(0x000000003ba00000,0x000000003bb00000)]
  0x000000001f822000 JavaThread "ForkJoinPool.commonPool-worker-0" daemon [_thread_blocked, id=8676, stack(0x000000003b900000,0x000000003ba00000)]
  0x000000001f81d000 JavaThread "Cache worker for Java compile cache (C:\Users\Administrator\Desktop\TrailBook\.gradle\4.4\javaCompile)" [_thread_blocked, id=5812, stack(0x000000003b600000,0x000000003b700000)]
  0x000000001b3e9000 JavaThread "Task worker for ':' Thread 3" [_thread_blocked, id=9752, stack(0x000000003a700000,0x000000003a800000)]
  0x000000001b3e1800 JavaThread "Task worker for ':' Thread 2" [_thread_blocked, id=1192, stack(0x000000003a600000,0x000000003a700000)]
  0x000000001b3e8000 JavaThread "Task worker for ':'" [_thread_blocked, id=2912, stack(0x000000003a500000,0x000000003a600000)]
  0x000000001b3e7800 JavaThread "Cache worker for Build Output Cleanup Cache (C:\Users\Administrator\Desktop\TrailBook\.gradle\buildOutputCleanup)" [_thread_blocked, id=8356, stack(0x000000003a400000,0x000000003a500000)]
  0x000000001b3e0000 JavaThread "Cache worker for task history cache (C:\Users\Administrator\Desktop\TrailBook\.gradle\4.4\taskHistory)" [_thread_blocked, id=7204, stack(0x000000003a300000,0x000000003a400000)]
  0x000000001b3e6800 JavaThread "Cache worker for file content cache (C:\Users\Administrator\Desktop\TrailBook\.gradle\4.4\fileContent)" [_thread_blocked, id=2800, stack(0x000000003a200000,0x000000003a300000)]
  0x000000001b3de800 JavaThread "build operations Thread 4" [_thread_blocked, id=1988, stack(0x000000003a100000,0x000000003a200000)]
  0x000000001b3e3800 JavaThread "build operations Thread 3" [_thread_blocked, id=1572, stack(0x000000003a000000,0x000000003a100000)]
  0x000000001b3e4800 JavaThread "build operations Thread 2" [_thread_blocked, id=9736, stack(0x0000000039f00000,0x000000003a000000)]
  0x000000001b3e0800 JavaThread "build operations" [_thread_blocked, id=4288, stack(0x0000000039e00000,0x0000000039f00000)]
  0x000000001b3dd800 JavaThread "Cache worker for Artifact transforms cache (C:\Users\Administrator\.gradle\caches\transforms-1)" [_thread_blocked, id=10120, stack(0x0000000039d00000,0x0000000039e00000)]
  0x000000001b3e2000 JavaThread "Cache worker for file hash cache (C:\Users\Administrator\Desktop\TrailBook\.gradle\4.4\fileHashes)" [_thread_blocked, id=9716, stack(0x0000000039c00000,0x0000000039d00000)]
  0x000000001b3dd000 JavaThread "Stdin handler" [_thread_blocked, id=10008, stack(0x0000000039b00000,0x0000000039c00000)]
  0x000000001b3dc000 JavaThread "Asynchronous log dispatcher for DefaultDaemonConnection: socket connection from /127.0.0.1:59620 to /127.0.0.1:63331" [_thread_blocked, id=6952, stack(0x0000000039a00000,0x0000000039b00000)]
  0x000000001b3df000 JavaThread "Cancel handler" [_thread_blocked, id=1068, stack(0x0000000039900000,0x0000000039a00000)]
  0x000000001b3e3000 JavaThread "Handler for socket connection from /127.0.0.1:59620 to /127.0.0.1:63331" [_thread_in_native, id=8768, stack(0x0000000039800000,0x0000000039900000)]
  0x000000001f81e800 JavaThread "Daemon worker Thread 9" [_thread_blocked, id=6124, stack(0x0000000037500000,0x0000000037600000)]
  0x000000001f823000 JavaThread "Daemon Thread 9" [_thread_blocked, id=5124, stack(0x0000000037200000,0x0000000037300000)]
  0x000000001bcff800 JavaThread "Memory manager" [_thread_blocked, id=6668, stack(0x0000000022be0000,0x0000000022ce0000)]
  0x000000001bc54000 JavaThread "File lock request listener" [_thread_in_native, id=8628, stack(0x000000001d800000,0x000000001d900000)]
  0x000000001be4b000 JavaThread "Cache worker for file hash cache (C:\Users\Administrator\.gradle\caches\4.4\fileHashes)" [_thread_blocked, id=5704, stack(0x000000001d700000,0x000000001d800000)]
  0x000000001b8d3800 JavaThread "Daemon periodic checks" [_thread_blocked, id=3064, stack(0x000000001cc00000,0x000000001cd00000)]
  0x000000001b8d4800 JavaThread "Incoming local TCP Connector on port 59620" [_thread_in_native, id=9884, stack(0x000000001c700000,0x000000001c800000)]
  0x000000001a40f000 JavaThread "Service Thread" daemon [_thread_blocked, id=5436, stack(0x000000001a7f0000,0x000000001a8f0000)]
  0x0000000018acd800 JavaThread "C1 CompilerThread2" daemon [_thread_blocked, id=5132, stack(0x000000001a2f0000,0x000000001a3f0000)]
  0x0000000018a9b800 JavaThread "C2 CompilerThread1" daemon [_thread_in_native, id=8004, stack(0x000000001a1f0000,0x000000001a2f0000)]
=>0x0000000018a98800 JavaThread "C2 CompilerThread0" daemon [_thread_in_native, id=5844, stack(0x000000001a0f0000,0x000000001a1f0000)]
  0x0000000018aa6800 JavaThread "Attach Listener" daemon [_thread_blocked, id=5712, stack(0x0000000019ff0000,0x000000001a0f0000)]
  0x0000000018aa5000 JavaThread "Signal Dispatcher" daemon [_thread_blocked, id=6780, stack(0x0000000019ef0000,0x0000000019ff0000)]
  0x0000000018a88800 JavaThread "Finalizer" daemon [_thread_blocked, id=6832, stack(0x0000000019d00000,0x0000000019e00000)]
  0x0000000005122000 JavaThread "Reference Handler" daemon [_thread_blocked, id=304, stack(0x0000000019c00000,0x0000000019d00000)]
  0x0000000005032800 JavaThread "main" [_thread_blocked, id=5624, stack(0x0000000004e80000,0x0000000004f80000)]

Other Threads:
  0x0000000018a65800 VMThread [stack: 0x0000000019b00000,0x0000000019c00000] [id=1484]
  0x000000001a418000 WatcherThread [stack: 0x000000001a8f0000,0x000000001a9f0000] [id=4600]

VM state:not at safepoint (normal execution)

VM Mutex/Monitor currently owned by a thread: None

Heap:
 PSYoungGen      total 407552K, used 227518K [0x00000000e0000000, 0x00000000ff200000, 0x0000000100000000)
  eden space 373760K, 51% used [0x00000000e0000000,0x00000000ebd2ff00,0x00000000f6d00000)
  from space 33792K, 99% used [0x00000000f6d00000,0x00000000f8dffb80,0x00000000f8e00000)
  to   space 45056K, 0% used [0x00000000fc600000,0x00000000fc600000,0x00000000ff200000)
 ParOldGen       total 181248K, used 83372K [0x00000000a0000000, 0x00000000ab100000, 0x00000000e0000000)
  object space 181248K, 45% used [0x00000000a0000000,0x00000000a516b0a0,0x00000000ab100000)
 Metaspace       used 115891K, capacity 121376K, committed 121676K, reserved 1155072K
  class space    used 14316K, capacity 15409K, committed 15488K, reserved 1048576K

Card table byte_map: [0x00000000144f0000,0x0000000014800000] byte_map_base: 0x0000000013ff0000

Marking Bits: (ParMarkBitMap*) 0x0000000070cc4970
 Begin Bits: [0x0000000014e00000, 0x0000000016600000)
 End Bits:   [0x0000000016600000, 0x0000000017e00000)

Polling page: 0x00000000033c0000

CodeCache: size=245760Kb used=69737Kb max_used=69737Kb free=176022Kb
 bounds [0x0000000005130000, 0x00000000095b0000, 0x0000000014130000]
 total_blobs=20545 nmethods=19642 adapters=813
 compilation: enabled

Compilation events (10 events):
Event: 6755.219 Thread 0x0000000018acd800 nmethod 24755% 0x00000000095a5010 code [0x00000000095a51c0, 0x00000000095a5708]
Event: 6755.250 Thread 0x0000000018acd800 24757       2       com.android.tools.r8.code.CmpLong::collectIndexedItems (6 bytes)
Event: 6755.250 Thread 0x0000000018acd800 nmethod 24757 0x0000000009591a90 code [0x0000000009591be0, 0x0000000009591d30]
Event: 6755.250 Thread 0x0000000018acd800 24758       2       com.android.tools.r8.code.SgetBoolean::collectIndexedItems (6 bytes)
Event: 6755.251 Thread 0x0000000018acd800 nmethod 24758 0x00000000095a5990 code [0x00000000095a5b00, 0x00000000095a5c88]
Event: 6755.253 Thread 0x0000000018acd800 24759       2       com.android.tools.r8.code.DivFloat2Addr::collectIndexedItems (6 bytes)
Event: 6755.254 Thread 0x0000000018acd800 nmethod 24759 0x0000000009591750 code [0x00000000095918a0, 0x00000000095919f0]
Event: 6755.254 Thread 0x0000000018acd800 24760       2       com.android.tools.r8.graph.DexValue$DexValueLong::collectIndexedItems (6 bytes)
Event: 6755.254 Thread 0x0000000018acd800 nmethod 24760 0x00000000095a5d50 code [0x00000000095a5ea0, 0x00000000095a5ff0]
Event: 6755.256 Thread 0x0000000018acd800 24761       2       com.android.tools.r8.code.ReturnWide::collectIndexedItems (6 bytes)

GC Heap History (10 events):
Event: 6649.881 GC heap before
{Heap before GC invocations=23 (full 4):
 PSYoungGen      total 322048K, used 321794K [0x00000000e0000000, 0x00000000f7780000, 0x0000000100000000)
  eden space 310272K, 100% used [0x00000000e0000000,0x00000000f2f00000,0x00000000f2f00000)
  from space 11776K, 97% used [0x00000000f6c00000,0x00000000f7740878,0x00000000f7780000)
  to   space 33280K, 0% used [0x00000000f3680000,0x00000000f3680000,0x00000000f5700000)
 ParOldGen       total 181248K, used 66217K [0x00000000a0000000, 0x00000000ab100000, 0x00000000e0000000)
  object space 181248K, 36% used [0x00000000a0000000,0x00000000a40aa440,0x00000000ab100000)
 Metaspace       used 102103K, capacity 107030K, committed 107340K, reserved 1142784K
  class space    used 12892K, capacity 13862K, committed 13952K, reserved 1048576K
Event: 6649.961 GC heap after
Heap after GC invocations=23 (full 4):
 PSYoungGen      total 351232K, used 31466K [0x00000000e0000000, 0x00000000f9600000, 0x0000000100000000)
  eden space 317952K, 0% used [0x00000000e0000000,0x00000000e0000000,0x00000000f3680000)
  from space 33280K, 94% used [0x00000000f3680000,0x00000000f553a888,0x00000000f5700000)
  to   space 37888K, 0% used [0x00000000f7100000,0x00000000f7100000,0x00000000f9600000)
 ParOldGen       total 181248K, used 66225K [0x00000000a0000000, 0x00000000ab100000, 0x00000000e0000000)
  object space 181248K, 36% used [0x00000000a0000000,0x00000000a40ac440,0x00000000ab100000)
 Metaspace       used 102103K, capacity 107030K, committed 107340K, reserved 1142784K
  class space    used 12892K, capacity 13862K, committed 13952K, reserved 1048576K
}
Event: 6739.940 GC heap before
{Heap before GC invocations=24 (full 4):
 PSYoungGen      total 351232K, used 349418K [0x00000000e0000000, 0x00000000f9600000, 0x0000000100000000)
  eden space 317952K, 100% used [0x00000000e0000000,0x00000000f3680000,0x00000000f3680000)
  from space 33280K, 94% used [0x00000000f3680000,0x00000000f553a888,0x00000000f5700000)
  to   space 37888K, 0% used [0x00000000f7100000,0x00000000f7100000,0x00000000f9600000)
 ParOldGen       total 181248K, used 66225K [0x00000000a0000000, 0x00000000ab100000, 0x00000000e0000000)
  object space 181248K, 36% used [0x00000000a0000000,0x00000000a40ac440,0x00000000ab100000)
 Metaspace       used 108482K, capacity 113652K, committed 113996K, reserved 1148928K
  class space    used 13565K, capacity 14595K, committed 14720K, reserved 1048576K
Event: 6739.955 GC heap after
Heap after GC invocations=24 (full 4):
 PSYoungGen      total 378368K, used 15275K [0x00000000e0000000, 0x00000000f9480000, 0x0000000100000000)
  eden space 342016K, 0% used [0x00000000e0000000,0x00000000e0000000,0x00000000f4e00000)
  from space 36352K, 42% used [0x00000000f7100000,0x00000000f7feaf48,0x00000000f9480000)
  to   space 35840K, 0% used [0x00000000f4e00000,0x00000000f4e00000,0x00000000f7100000)
 ParOldGen       total 181248K, used 66233K [0x00000000a0000000, 0x00000000ab100000, 0x00000000e0000000)
  object space 181248K, 36% used [0x00000000a0000000,0x00000000a40ae440,0x00000000ab100000)
 Metaspace       used 108482K, capacity 113652K, committed 113996K, reserved 1148928K
  class space    used 13565K, capacity 14595K, committed 14720K, reserved 1048576K
}
Event: 6744.701 GC heap before
{Heap before GC invocations=25 (full 4):
 PSYoungGen      total 378368K, used 356547K [0x00000000e0000000, 0x00000000f9480000, 0x0000000100000000)
  eden space 342016K, 99% used [0x00000000e0000000,0x00000000f4d45de0,0x00000000f4e00000)
  from space 36352K, 42% used [0x00000000f7100000,0x00000000f7feaf48,0x00000000f9480000)
  to   space 35840K, 0% used [0x00000000f4e00000,0x00000000f4e00000,0x00000000f7100000)
 ParOldGen       total 181248K, used 66233K [0x00000000a0000000, 0x00000000ab100000, 0x00000000e0000000)
  object space 181248K, 36% used [0x00000000a0000000,0x00000000a40ae440,0x00000000ab100000)
 Metaspace       used 114583K, capacity 119820K, committed 120012K, reserved 1155072K
  class space    used 14227K, capacity 15279K, committed 15360K, reserved 1048576K
Event: 6744.727 GC heap after
Heap after GC invocations=25 (full 4):
 PSYoungGen      total 377856K, used 19984K [0x00000000e0000000, 0x00000000fb080000, 0x0000000100000000)
  eden space 342016K, 0% used [0x00000000e0000000,0x00000000e0000000,0x00000000f4e00000)
  from space 35840K, 55% used [0x00000000f4e00000,0x00000000f61841c0,0x00000000f7100000)
  to   space 35328K, 0% used [0x00000000f8e00000,0x00000000f8e00000,0x00000000fb080000)
 ParOldGen       total 181248K, used 66241K [0x00000000a0000000, 0x00000000ab100000, 0x00000000e0000000)
  object space 181248K, 36% used [0x00000000a0000000,0x00000000a40b0440,0x00000000ab100000)
 Metaspace       used 114583K, capacity 119820K, committed 120012K, reserved 1155072K
  class space    used 14227K, capacity 15279K, committed 15360K, reserved 1048576K
}
Event: 6746.775 GC heap before
{Heap before GC invocations=26 (full 4):
 PSYoungGen      total 377856K, used 362000K [0x00000000e0000000, 0x00000000fb080000, 0x0000000100000000)
  eden space 342016K, 100% used [0x00000000e0000000,0x00000000f4e00000,0x00000000f4e00000)
  from space 35840K, 55% used [0x00000000f4e00000,0x00000000f61841c0,0x00000000f7100000)
  to   space 35328K, 0% used [0x00000000f8e00000,0x00000000f8e00000,0x00000000fb080000)
 ParOldGen       total 181248K, used 66241K [0x00000000a0000000, 0x00000000ab100000, 0x00000000e0000000)
  object space 181248K, 36% used [0x00000000a0000000,0x00000000a40b0440,0x00000000ab100000)
 Metaspace       used 114815K, capacity 120138K, committed 120268K, reserved 1155072K
  class space    used 14263K, capacity 15320K, committed 15360K, reserved 1048576K
Event: 6746.788 GC heap after
Heap after GC invocations=26 (full 4):
 PSYoungGen      total 409088K, used 14841K [0x00000000e0000000, 0x00000000fb080000, 0x0000000100000000)
  eden space 373760K, 0% used [0x00000000e0000000,0x00000000e0000000,0x00000000f6d00000)
  from space 35328K, 42% used [0x00000000f8e00000,0x00000000f9c7e560,0x00000000fb080000)
  to   space 33792K, 0% used [0x00000000f6d00000,0x00000000f6d00000,0x00000000f8e00000)
 ParOldGen       total 181248K, used 66241K [0x00000000a0000000, 0x00000000ab100000, 0x00000000e0000000)
  object space 181248K, 36% used [0x00000000a0000000,0x00000000a40b0440,0x00000000ab100000)
 Metaspace       used 114815K, capacity 120138K, committed 120268K, reserved 1155072K
  class space    used 14263K, capacity 15320K, committed 15360K, reserved 1048576K
}
Event: 6753.755 GC heap before
{Heap before GC invocations=27 (full 4):
 PSYoungGen      total 409088K, used 388601K [0x00000000e0000000, 0x00000000fb080000, 0x0000000100000000)
  eden space 373760K, 100% used [0x00000000e0000000,0x00000000f6d00000,0x00000000f6d00000)
  from space 35328K, 42% used [0x00000000f8e00000,0x00000000f9c7e560,0x00000000fb080000)
  to   space 33792K, 0% used [0x00000000f6d00000,0x00000000f6d00000,0x00000000f8e00000)
 ParOldGen       total 181248K, used 66241K [0x00000000a0000000, 0x00000000ab100000, 0x00000000e0000000)
  object space 181248K, 36% used [0x00000000a0000000,0x00000000a40b0440,0x00000000ab100000)
 Metaspace       used 115751K, capacity 121236K, committed 121420K, reserved 1155072K
  class space    used 14315K, capacity 15409K, committed 15488K, reserved 1048576K
Event: 6753.834 GC heap after
Heap after GC invocations=27 (full 4):
 PSYoungGen      total 407552K, used 33790K [0x00000000e0000000, 0x00000000ff200000, 0x0000000100000000)
  eden space 373760K, 0% used [0x00000000e0000000,0x00000000e0000000,0x00000000f6d00000)
  from space 33792K, 99% used [0x00000000f6d00000,0x00000000f8dffb80,0x00000000f8e00000)
  to   space 45056K, 0% used [0x00000000fc600000,0x00000000fc600000,0x00000000ff200000)
 ParOldGen       total 181248K, used 83372K [0x00000000a0000000, 0x00000000ab100000, 0x00000000e0000000)
  object space 181248K, 45% used [0x00000000a0000000,0x00000000a516b0a0,0x00000000ab100000)
 Metaspace       used 115751K, capacity 121236K, committed 121420K, reserved 1155072K
  class space    used 14315K, capacity 15409K, committed 15488K, reserved 1048576K
}

Deoptimization events (10 events):
Event: 6754.500 Thread 0x000000001f81f000 Uncommon trap: reason=array_check action=maybe_recompile pc=0x00000000093d37a8 method=java.util.TimSort.mergeHi(IIII)V @ 250
Event: 6754.501 Thread 0x000000001f81f000 Uncommon trap: reason=unstable_if action=reinterpret pc=0x0000000007feb88c method=java.util.TimSort.mergeCollapse()V @ 61
Event: 6754.501 Thread 0x000000001f81f000 Uncommon trap: reason=unstable_if action=reinterpret pc=0x000000000726e3ac method=java.util.TimSort.mergeAt(I)V @ 170
Event: 6754.502 Thread 0x000000001f81f000 Uncommon trap: reason=array_check action=maybe_recompile pc=0x00000000093e7aa8 method=java.util.TimSort.mergeLo(IIII)V @ 212
Event: 6754.524 Thread 0x000000001f81f000 Uncommon trap: reason=unstable_if action=reinterpret pc=0x00000000072e4eb0 method=com.android.tools.r8.it.unimi.dsi.fastutil.objects.Object2IntLinkedOpenHashMap.insert(Ljava/lang/Object;I)I @ 94
Event: 6754.723 Thread 0x000000001f81f000 Uncommon trap: reason=unstable_if action=reinterpret pc=0x0000000006543804 method=java.nio.Bits.copyFromArray(Ljava/lang/Object;JJJJ)V @ 18
Event: 6754.918 Thread 0x000000001f81d800 Uncommon trap: reason=unstable_if action=reinterpret pc=0x000000000737b440 method=java.nio.Bits.copyToArray(JLjava/lang/Object;JJJ)V @ 19
Event: 6754.975 Thread 0x000000001f827800 Uncommon trap: reason=unloaded action=reinterpret pc=0x00000000093f251c method=com.android.tools.r8.code.BaseInstructionFactory.create(IILcom/android/tools/r8/code/BytecodeStream;Lcom/android/tools/r8/graph/OffsetToObjectMapping;)Lcom/android/tools/r8/cod
Event: 6755.214 Thread 0x000000001f821800 Uncommon trap: reason=array_check action=maybe_recompile pc=0x0000000007246930 method=java.util.TimSort.mergeHi(IIII)V @ 171
Event: 6755.214 Thread 0x000000001f821800 Uncommon trap: reason=array_check action=maybe_recompile pc=0x0000000007246450 method=java.util.TimSort.mergeHi(IIII)V @ 282

Classes redefined (0 events):
No events

Internal exceptions (10 events):
Event: 6754.720 Thread 0x000000001f81f000 Exception <a 'sun/nio/fs/WindowsException'> (0x00000000e5aefe88) thrown at [D:\src\AOSP-openjdk-cygwin\jdk8u\hotspot\src\share\vm\prims\jni.cpp, line 709]
Event: 6754.895 Thread 0x000000001f81d800 Exception <a 'sun/nio/fs/WindowsException'> (0x00000000e61377e0) thrown at [D:\src\AOSP-openjdk-cygwin\jdk8u\hotspot\src\share\vm\prims\jni.cpp, line 709]
Event: 6754.906 Thread 0x000000001f81f000 Exception <a 'sun/nio/fs/WindowsException'> (0x00000000e6399708) thrown at [D:\src\AOSP-openjdk-cygwin\jdk8u\hotspot\src\share\vm\prims\jni.cpp, line 709]
Event: 6754.915 Thread 0x000000001f823800 Exception <a 'sun/nio/fs/WindowsException'> (0x00000000e6249dc8) thrown at [D:\src\AOSP-openjdk-cygwin\jdk8u\hotspot\src\share\vm\prims\jni.cpp, line 709]
Event: 6754.919 Thread 0x000000001f81d800 Exception <a 'sun/nio/fs/WindowsException'> (0x00000000e62a5540) thrown at [D:\src\AOSP-openjdk-cygwin\jdk8u\hotspot\src\share\vm\prims\jni.cpp, line 709]
Event: 6754.935 Thread 0x000000001f81f000 Exception <a 'sun/nio/fs/WindowsException'> (0x00000000e7745218) thrown at [D:\src\AOSP-openjdk-cygwin\jdk8u\hotspot\src\share\vm\prims\jni.cpp, line 709]
Event: 6754.946 Thread 0x000000001f823800 Exception <a 'sun/nio/fs/WindowsException'> (0x00000000e74ee530) thrown at [D:\src\AOSP-openjdk-cygwin\jdk8u\hotspot\src\share\vm\prims\jni.cpp, line 709]
Event: 6754.953 Thread 0x000000001f81f000 Exception <a 'sun/nio/fs/WindowsException'> (0x00000000e7bf96a8) thrown at [D:\src\AOSP-openjdk-cygwin\jdk8u\hotspot\src\share\vm\prims\jni.cpp, line 709]
Event: 6755.191 Thread 0x000000001f822000 Exception <a 'sun/nio/fs/WindowsException'> (0x00000000ea893f88) thrown at [D:\src\AOSP-openjdk-cygwin\jdk8u\hotspot\src\share\vm\prims\jni.cpp, line 709]
Event: 6755.222 Thread 0x000000001f821800 Exception <a 'sun/nio/fs/WindowsException'> (0x00000000eb2c1ce8) thrown at [D:\src\AOSP-openjdk-cygwin\jdk8u\hotspot\src\share\vm\prims\jni.cpp, line 709]

Events (10 events):
Event: 6755.214 Thread 0x000000001f821800 DEOPT UNPACKING pc=0x000000000517557b sp=0x000000003ddfeec0 mode 2
Event: 6755.214 Thread 0x000000001f821800 Uncommon trap: trap_request=0xffffffd6 fr.pc=0x0000000007246450
Event: 6755.214 Thread 0x000000001f821800 DEOPT PACKING pc=0x0000000007246450 sp=0x000000003ddfeed0
Event: 6755.214 Thread 0x000000001f821800 DEOPT UNPACKING pc=0x000000000517557b sp=0x000000003ddfeec0 mode 2
Event: 6755.219 Thread 0x000000001f821800 DEOPT PACKING pc=0x00000000094f1f9d sp=0x000000003ddff1b0
Event: 6755.220 Thread 0x000000001f821800 DEOPT UNPACKING pc=0x00000000051775d0 sp=0x000000003ddfeee0 mode 0
Event: 6755.232 Executing VM operation: RevokeBias
Event: 6755.232 Executing VM operation: RevokeBias done
Event: 6755.232 Thread 0x000000001f821800 Thread exited: 0x000000001f821800
Event: 6755.232 Thread 0x000000001f820000 Thread exited: 0x000000001f820000


Dynamic libraries:
0x00007ff7cef60000 - 0x00007ff7cef91000 	C:\Program Files\Android\Android Studio\jre\bin\java.exe
0x00007ff8871a0000 - 0x00007ff887380000 	C:\WINDOWS\SYSTEM32\ntdll.dll
0x00007ff886f70000 - 0x00007ff88701e000 	C:\WINDOWS\System32\KERNEL32.DLL
0x00007ff884030000 - 0x00007ff884296000 	C:\WINDOWS\System32\KERNELBASE.dll
0x00007ff884670000 - 0x00007ff884711000 	C:\WINDOWS\System32\ADVAPI32.dll
0x00007ff886c00000 - 0x00007ff886c9d000 	C:\WINDOWS\System32\msvcrt.dll
0x00007ff887110000 - 0x00007ff88716b000 	C:\WINDOWS\System32\sechost.dll
0x00007ff886df0000 - 0x00007ff886f0f000 	C:\WINDOWS\System32\RPCRT4.dll
0x00007ff884720000 - 0x00007ff8848af000 	C:\WINDOWS\System32\USER32.dll
0x00007ff884550000 - 0x00007ff884570000 	C:\WINDOWS\System32\win32u.dll
0x00007ff885e00000 - 0x00007ff885e28000 	C:\WINDOWS\System32\GDI32.dll
0x00007ff8843b0000 - 0x00007ff884543000 	C:\WINDOWS\System32\gdi32full.dll
0x00007ff8835a0000 - 0x00007ff88363b000 	C:\WINDOWS\System32\msvcp_win.dll
0x00007ff884570000 - 0x00007ff884666000 	C:\WINDOWS\System32\ucrtbase.dll
0x00007ff870470000 - 0x00007ff8706d9000 	C:\WINDOWS\WinSxS\amd64_microsoft.windows.common-controls_6595b64144ccf1df_6.0.16299.371_none_15c7d1789365a290\COMCTL32.dll
0x00007ff885e30000 - 0x00007ff886138000 	C:\WINDOWS\System32\combase.dll
0x00007ff883640000 - 0x00007ff8836b2000 	C:\WINDOWS\System32\bcryptPrimitives.dll
0x00007ff886580000 - 0x00007ff8865ad000 	C:\WINDOWS\System32\IMM32.DLL
0x000000006d450000 - 0x000000006d522000 	C:\Program Files\Android\Android Studio\jre\jre\bin\msvcr100.dll
0x0000000070500000 - 0x0000000070d3f000 	C:\Program Files\Android\Android Studio\jre\jre\bin\server\jvm.dll
0x00007ff8865b0000 - 0x00007ff8865b8000 	C:\WINDOWS\System32\PSAPI.DLL
0x00007ff875980000 - 0x00007ff875989000 	C:\WINDOWS\SYSTEM32\WSOCK32.dll
0x00007ff887020000 - 0x00007ff88708c000 	C:\WINDOWS\System32\WS2_32.dll
0x00007ff87ca60000 - 0x00007ff87ca83000 	C:\WINDOWS\SYSTEM32\WINMM.dll
0x00007ff87aca0000 - 0x00007ff87acaa000 	C:\WINDOWS\SYSTEM32\VERSION.dll
0x00007ff87ca30000 - 0x00007ff87ca5a000 	C:\WINDOWS\SYSTEM32\WINMMBASE.dll
0x00007ff883fe0000 - 0x00007ff88402a000 	C:\WINDOWS\System32\cfgmgr32.dll
0x00007ff8803a0000 - 0x00007ff8803af000 	C:\Program Files\Android\Android Studio\jre\jre\bin\verify.dll
0x00007ff879010000 - 0x00007ff879039000 	C:\Program Files\Android\Android Studio\jre\jre\bin\java.dll
0x00007ff87cf90000 - 0x00007ff87cfa6000 	C:\Program Files\Android\Android Studio\jre\jre\bin\zip.dll
0x00007ff8848b0000 - 0x00007ff885ce6000 	C:\WINDOWS\System32\SHELL32.dll
0x00007ff886700000 - 0x00007ff8867a6000 	C:\WINDOWS\System32\shcore.dll
0x00007ff883890000 - 0x00007ff883fd7000 	C:\WINDOWS\System32\windows.storage.dll
0x00007ff8865d0000 - 0x00007ff886621000 	C:\WINDOWS\System32\shlwapi.dll
0x00007ff883580000 - 0x00007ff883591000 	C:\WINDOWS\System32\kernel.appcore.dll
0x00007ff883510000 - 0x00007ff88355c000 	C:\WINDOWS\System32\powrprof.dll
0x00007ff8834f0000 - 0x00007ff88350b000 	C:\WINDOWS\System32\profapi.dll
0x00007ff878ff0000 - 0x00007ff87900a000 	C:\Program Files\Android\Android Studio\jre\jre\bin\net.dll
0x00007ff882d80000 - 0x00007ff882de6000 	C:\WINDOWS\system32\mswsock.dll
0x00007ff878fd0000 - 0x00007ff878fe1000 	C:\Program Files\Android\Android Studio\jre\jre\bin\nio.dll
0x00007ff863ab0000 - 0x00007ff863ace000 	C:\Users\Administrator\.gradle\native\25\windows-amd64\native-platform.dll
0x00007ff880290000 - 0x00007ff88029d000 	C:\Program Files\Android\Android Studio\jre\jre\bin\management.dll
0x00007ff882f40000 - 0x00007ff882f57000 	C:\WINDOWS\SYSTEM32\CRYPTSP.dll
0x00007ff882980000 - 0x00007ff8829b3000 	C:\WINDOWS\system32\rsaenh.dll
0x00007ff883050000 - 0x00007ff883075000 	C:\WINDOWS\SYSTEM32\bcrypt.dll
0x00007ff883420000 - 0x00007ff883449000 	C:\WINDOWS\SYSTEM32\USERENV.dll
0x00007ff882f60000 - 0x00007ff882f6b000 	C:\WINDOWS\SYSTEM32\CRYPTBASE.dll
0x00007ff882b10000 - 0x00007ff882b49000 	C:\WINDOWS\SYSTEM32\IPHLPAPI.DLL
0x00007ff8865c0000 - 0x00007ff8865c8000 	C:\WINDOWS\System32\NSI.dll
0x00007ff87fc80000 - 0x00007ff87fc96000 	C:\WINDOWS\SYSTEM32\dhcpcsvc6.DLL
0x00007ff87fc00000 - 0x00007ff87fc1a000 	C:\WINDOWS\SYSTEM32\dhcpcsvc.DLL
0x00007ff863ad0000 - 0x00007ff863af4000 	C:\Program Files\Android\Android Studio\jre\jre\bin\sunec.dll
0x00007ff882b50000 - 0x00007ff882c06000 	C:\WINDOWS\SYSTEM32\DNSAPI.dll
0x0000000072f10000 - 0x0000000072f36000 	C:\Program Files\Bonjour\mdnsNSP.dll
0x00007ff87f290000 - 0x00007ff87f29a000 	C:\Windows\System32\rasadhlp.dll
0x00007ff87f7b0000 - 0x00007ff87f820000 	C:\WINDOWS\System32\fwpuclnt.dll
0x00007ff873590000 - 0x00007ff87359b000 	C:\Program Files\Android\Android Studio\jre\jre\bin\sunmscapi.dll
0x00007ff8836c0000 - 0x00007ff88388e000 	C:\WINDOWS\System32\CRYPT32.dll
0x00007ff883560000 - 0x00007ff883572000 	C:\WINDOWS\System32\MSASN1.dll
0x000000006adc0000 - 0x000000006aeb2000 	C:\Users\Administrator\AppData\Local\Temp\room-e4b22533-7305-42dd-b422-13b68edacd51\sqlite-3.20.1-93e05e5f-7c54-43cd-aa91-7561e84938fc-sqlitejdbc.dll
0x0000000023bf0000 - 0x0000000023ce2000 	C:\Users\Administrator\AppData\Local\Temp\room-b2d2bdc8-dbcc-432b-bf87-8fb07192a67a\sqlite-3.20.1-beb84360-541e-44aa-b8f8-c1c04f620354-sqlitejdbc.dll
0x0000000024710000 - 0x0000000024802000 	C:\Users\Administrator\AppData\Local\Temp\room-5521fdb5-9f3a-40ac-9d06-cab36f34a6de\sqlite-3.20.1-c53fcf9a-2107-4004-bf62-fd6b9756a293-sqlitejdbc.dll

VM Arguments:
jvm_args: -Xmx1536m -Dfile.encoding=windows-1252 -Duser.country=US -Duser.language=en -Duser.variant 
java_command: org.gradle.launcher.daemon.bootstrap.GradleDaemon 4.4
java_class_path (initial): C:\Users\Administrator\.gradle\wrapper\dists\gradle-4.4-all\9br9xq1tocpiv8o6njlyu5op1\gradle-4.4\lib\gradle-launcher-4.4.jar
Launcher Type: SUN_STANDARD

Environment Variables:
PATH=C:\Program Files (x86)\NVIDIA Corporation\PhysX\Common;C:\Python27;C:\Python27\Scripts;C:\Program Files (x86)\AMD\ATI.ACE\Core-Static;C:\Program Files (x86)\ATI Technologies\ATI.ACE\Core-Static;C:\Program Files (x86)\Windows Live\Shared;C:\Program Files (x86)\GtkSharp\2.12\bin;C:\WINDOWS\system32;C:\WINDOWS;C:\WINDOWS\System32\Wbem;C:\WINDOWS\System32\WindowsPowerShell\v1.0\;C:\WINDOWS\SysWOW64\WindowsPowerShell\v1.0\Modules\TShell\TShell\;C:\Program Files\Microsoft SQL Server\110\Tools\Binn\;C:\Program Files (x86)\Microsoft SQL Server\110\Tools\Binn\;C:\Program Files\Microsoft SQL Server\110\DTS\Binn\;C:\Program Files (x86)\Microsoft SQL Server\110\Tools\Binn\ManagementStudio\;C:\Program Files (x86)\Microsoft Visual Studio 10.0\Common7\IDE\PrivateAssemblies\;C:\Program Files (x86)\Microsoft SQL Server\110\DTS\Binn\;C:\Program Files\Git\cmd;C:\Program Files\PuTTY\;C:\Program Files (x86)\.gcc\cygwin\cygwin-b20\H-i586-cygwin32\bin;C:\Users\Administrator\AppData\Local\Programs\Python\Python35-32\Scripts\;C:\Users\Administrator\AppData\Local\Programs\Python\Python35-32\;C:\Python27;C:\Users\Administrator\AppData\Local\Microsoft\WindowsApps;C:\Users\Administrator\AppData\Local\GitHubDesktop\bin;%USERPROFILE%\AppData\Local\Microsoft\WindowsApps;
USERNAME=Administrator
OS=Windows_NT
PROCESSOR_IDENTIFIER=Intel64 Family 6 Model 58 Stepping 9, GenuineIntel



---------------  S Y S T E M  ---------------

OS: Windows 10.0 , 64 bit Build 16299 (10.0.16299.15)

CPU:total 4 (initial active 4) (4 cores per cpu, 1 threads per core) family 6 model 58 stepping 9, cmov, cx8, fxsr, mmx, sse, sse2, sse3, ssse3, sse4.1, sse4.2, popcnt, avx, aes, clmul, erms, tsc, tscinvbit, tscinv

Memory: 4k page, physical 8345368k(1162664k free), swap 12646168k(8352k free)

vm_info: OpenJDK 64-Bit Server VM (25.152-b02) for windows-amd64 JRE (1.8.0_152-release-1024-b02), built by "builder" with MS VC++ 10.0 (VS2010)

time: Mon May 07 18:09:32 2018
elapsed time: 6755 seconds (0d 1h 52m 35s)

